--------------------------------------------------
      name:  <unnamed>
       log:  /Users/schmidt/Desktop/Research/Analy
> sis/output/log_ACS_sum.log
  log type:  text
 opened on:  28 Apr 2025, 16:48:36

. 
. forvalues i = 2015/2023 {
  2.         use "./data/ACS_`i'.dta", clear
  3.         putexcel set "./output/ACS_summary_st
> atistics.xlsx", modify sheet("ACS_`i'")
  4.         putexcel A1 = "ACS_`i'"
  5.         local place = 3
  6.         foreach var of varlist _all {
  7.                 capture confirm numeric varia
> ble `var'
  8.                 if _rc != 0 | "`var'" == "zip
> " | "`var'" == "county" | "`var'" == "year"{
  9.                         continue
 10.         }
 11.                 
.                 quietly summarize `var', detail
 12.                 local me : display %9.2f r(me
> an)
 13.                 local med : display %9.2f r(p
> 50)
 14.                 local std_dev : display %9.2f
>  r(sd)
 15.                 local min : display %9.2f r(m
> in)
 16.                 local max : display %9.2f r(m
> ax)
 17.                 local obs = r(N)
 18.                 local missing = _N - r(N)
 19.                 
.                 putexcel A2 = "Variable" B2 = "M
> ean" C2 = "Median" D2 = "Standard Deviation" E2 
> = "Minimum"
 20.                 putexcel F2 = "Maximum" G2 = 
> "Missing Values" H2 = "Observations"
 21.                 putexcel A`place' = "`var'" B
> `place' = `me' C`place' = `med' D`place' = `std_
> dev' 
 22.                 putexcel E`place' = `min' F`p
> lace' = `max' G`place' = `missing' H`place' = `o
> bs'
 23.                 local place = `place' + 1
 24.         }
 25. }
file ./output/ACS_summary_statistics.xlsx saved
file ./output/ACS_summary_statistics.xlsx saved
file ./output/ACS_summary_statistics.xlsx saved
file ./output/ACS_summary_statistics.xlsx saved
file ./output/ACS_summary_statistics.xlsx saved
file ./output/ACS_summary_statistics.xlsx saved
file ./output/ACS_summary_statistics.xlsx saved
file ./output/ACS_summary_statistics.xlsx saved
file ./output/ACS_summary_statistics.xlsx saved
file ./output/ACS_summary_statistics.xlsx saved
file ./output/ACS_summary_statistics.xlsx saved
file ./output/ACS_summary_statistics.xlsx saved
file ./output/ACS_summary_statistics.xlsx saved
file ./output/ACS_summary_statistics.xlsx saved
file ./output/ACS_summary_statistics.xlsx saved
file ./output/ACS_summary_statistics.xlsx saved
file ./output/ACS_summary_statistics.xlsx saved
file ./output/ACS_summary_statistics.xlsx saved
file ./output/ACS_summary_statistics.xlsx saved
file ./output/ACS_summary_statistics.xlsx saved
file ./output/ACS_summary_statistics.xlsx saved
file ./output/ACS_summary_statistics.xlsx saved
file ./output/ACS_summary_statistics.xlsx saved
file ./output/ACS_summary_statistics.xlsx saved
file ./output/ACS_summary_statistics.xlsx saved
file ./output/ACS_summary_statistics.xlsx saved
file ./output/ACS_summary_statistics.xlsx saved
file ./output/ACS_summary_statistics.xlsx saved
file ./output/ACS_summary_statistics.xlsx saved
file ./output/ACS_summary_statistics.xlsx saved
file ./output/ACS_summary_statistics.xlsx saved
file ./output/ACS_summary_statistics.xlsx saved
file ./output/ACS_summary_statistics.xlsx saved
file ./output/ACS_summary_statistics.xlsx saved
file ./output/ACS_summary_statistics.xlsx saved
file ./output/ACS_summary_statistics.xlsx saved
file ./output/ACS_summary_statistics.xlsx saved
file ./output/ACS_summary_statistics.xlsx saved
file ./output/ACS_summary_statistics.xlsx saved
file ./output/ACS_summary_statistics.xlsx saved
file ./output/ACS_summary_statistics.xlsx saved
file ./output/ACS_summary_statistics.xlsx saved
file ./output/ACS_summary_statistics.xlsx saved
file ./output/ACS_summary_statistics.xlsx saved
file ./output/ACS_summary_statistics.xlsx saved
file ./output/ACS_summary_statistics.xlsx saved
file ./output/ACS_summary_statistics.xlsx saved
file ./output/ACS_summary_statistics.xlsx saved
file ./output/ACS_summary_statistics.xlsx saved
file ./output/ACS_summary_statistics.xlsx saved
file ./output/ACS_summary_statistics.xlsx saved
file ./output/ACS_summary_statistics.xlsx saved
file ./output/ACS_summary_statistics.xlsx saved
file ./output/ACS_summary_statistics.xlsx saved
file ./output/ACS_summary_statistics.xlsx saved
file ./output/ACS_summary_statistics.xlsx saved
file ./output/ACS_summary_statistics.xlsx saved
file ./output/ACS_summary_statistics.xlsx saved
file ./output/ACS_summary_statistics.xlsx saved
file ./output/ACS_summary_statistics.xlsx saved
file ./output/ACS_summary_statistics.xlsx saved
file ./output/ACS_summary_statistics.xlsx saved
file ./output/ACS_summary_statistics.xlsx saved
file ./output/ACS_summary_statistics.xlsx saved
file ./output/ACS_summary_statistics.xlsx saved
file ./output/ACS_summary_statistics.xlsx saved
file ./output/ACS_summary_statistics.xlsx saved
file ./output/ACS_summary_statistics.xlsx saved
file ./output/ACS_summary_statistics.xlsx saved
file ./output/ACS_summary_statistics.xlsx saved
file ./output/ACS_summary_statistics.xlsx saved
file ./output/ACS_summary_statistics.xlsx saved
file ./output/ACS_summary_statistics.xlsx saved
file ./output/ACS_summary_statistics.xlsx saved
file ./output/ACS_summary_statistics.xlsx saved
file ./output/ACS_summary_statistics.xlsx saved
file ./output/ACS_summary_statistics.xlsx saved
file ./output/ACS_summary_statistics.xlsx saved
file ./output/ACS_summary_statistics.xlsx saved
file ./output/ACS_summary_statistics.xlsx saved
file ./output/ACS_summary_statistics.xlsx saved
file ./output/ACS_summary_statistics.xlsx saved
file ./output/ACS_summary_statistics.xlsx saved
file ./output/ACS_summary_statistics.xlsx saved
file ./output/ACS_summary_statistics.xlsx saved
file ./output/ACS_summary_statistics.xlsx saved
file ./output/ACS_summary_statistics.xlsx saved
file ./output/ACS_summary_statistics.xlsx saved
file ./output/ACS_summary_statistics.xlsx saved
file ./output/ACS_summary_statistics.xlsx saved
file ./output/ACS_summary_statistics.xlsx saved
file ./output/ACS_summary_statistics.xlsx saved
file ./output/ACS_summary_statistics.xlsx saved
file ./output/ACS_summary_statistics.xlsx saved
file ./output/ACS_summary_statistics.xlsx saved
file ./output/ACS_summary_statistics.xlsx saved
file ./output/ACS_summary_statistics.xlsx saved
file ./output/ACS_summary_statistics.xlsx saved
file ./output/ACS_summary_statistics.xlsx saved
file ./output/ACS_summary_statistics.xlsx saved
file ./output/ACS_summary_statistics.xlsx saved
file ./output/ACS_summary_statistics.xlsx saved
file ./output/ACS_summary_statistics.xlsx saved
file ./output/ACS_summary_statistics.xlsx saved
file ./output/ACS_summary_statistics.xlsx saved
file ./output/ACS_summary_statistics.xlsx saved
file ./output/ACS_summary_statistics.xlsx saved
file ./output/ACS_summary_statistics.xlsx saved
file ./output/ACS_summary_statistics.xlsx saved
file ./output/ACS_summary_statistics.xlsx saved
file ./output/ACS_summary_statistics.xlsx saved
file ./output/ACS_summary_statistics.xlsx saved
file ./output/ACS_summary_statistics.xlsx saved
file ./output/ACS_summary_statistics.xlsx saved
file ./output/ACS_summary_statistics.xlsx saved
file ./output/ACS_summary_statistics.xlsx saved
file ./output/ACS_summary_statistics.xlsx saved
file ./output/ACS_summary_statistics.xlsx saved
file ./output/ACS_summary_statistics.xlsx saved
file ./output/ACS_summary_statistics.xlsx saved
file ./output/ACS_summary_statistics.xlsx saved
file ./output/ACS_summary_statistics.xlsx saved
file ./output/ACS_summary_statistics.xlsx saved
file ./output/ACS_summary_statistics.xlsx saved
file ./output/ACS_summary_statistics.xlsx saved
file ./output/ACS_summary_statistics.xlsx saved
file ./output/ACS_summary_statistics.xlsx saved
file ./output/ACS_summary_statistics.xlsx saved
file ./output/ACS_summary_statistics.xlsx saved
file ./output/ACS_summary_statistics.xlsx saved
file ./output/ACS_summary_statistics.xlsx saved
file ./output/ACS_summary_statistics.xlsx saved
file ./output/ACS_summary_statistics.xlsx saved
file ./output/ACS_summary_statistics.xlsx saved
file ./output/ACS_summary_statistics.xlsx saved
file ./output/ACS_summary_statistics.xlsx saved
file ./output/ACS_summary_statistics.xlsx saved
file ./output/ACS_summary_statistics.xlsx saved
file ./output/ACS_summary_statistics.xlsx saved
file ./output/ACS_summary_statistics.xlsx saved
file ./output/ACS_summary_statistics.xlsx saved
file ./output/ACS_summary_statistics.xlsx saved
file ./output/ACS_summary_statistics.xlsx saved
file ./output/ACS_summary_statistics.xlsx saved
file ./output/ACS_summary_statistics.xlsx saved
file ./output/ACS_summary_statistics.xlsx saved
file ./output/ACS_summary_statistics.xlsx saved
file ./output/ACS_summary_statistics.xlsx saved
file ./output/ACS_summary_statistics.xlsx saved
file ./output/ACS_summary_statistics.xlsx saved
file ./output/ACS_summary_statistics.xlsx saved
file ./output/ACS_summary_statistics.xlsx saved
file ./output/ACS_summary_statistics.xlsx saved
file ./output/ACS_summary_statistics.xlsx saved
file ./output/ACS_summary_statistics.xlsx saved
file ./output/ACS_summary_statistics.xlsx saved
file ./output/ACS_summary_statistics.xlsx saved
file ./output/ACS_summary_statistics.xlsx saved
file ./output/ACS_summary_statistics.xlsx saved
file ./output/ACS_summary_statistics.xlsx saved
file ./output/ACS_summary_statistics.xlsx saved
file ./output/ACS_summary_statistics.xlsx saved
file ./output/ACS_summary_statistics.xlsx saved
file ./output/ACS_summary_statistics.xlsx saved
file ./output/ACS_summary_statistics.xlsx saved
file ./output/ACS_summary_statistics.xlsx saved
file ./output/ACS_summary_statistics.xlsx saved
file ./output/ACS_summary_statistics.xlsx saved
file ./output/ACS_summary_statistics.xlsx saved
file ./output/ACS_summary_statistics.xlsx saved
file ./output/ACS_summary_statistics.xlsx saved
file ./output/ACS_summary_statistics.xlsx saved
file ./output/ACS_summary_statistics.xlsx saved
file ./output/ACS_summary_statistics.xlsx saved
file ./output/ACS_summary_statistics.xlsx saved
file ./output/ACS_summary_statistics.xlsx saved
file ./output/ACS_summary_statistics.xlsx saved
file ./output/ACS_summary_statistics.xlsx saved
file ./output/ACS_summary_statistics.xlsx saved
file ./output/ACS_summary_statistics.xlsx saved
file ./output/ACS_summary_statistics.xlsx saved
file ./output/ACS_summary_statistics.xlsx saved
file ./output/ACS_summary_statistics.xlsx saved
file ./output/ACS_summary_statistics.xlsx saved
file ./output/ACS_summary_statistics.xlsx saved
file ./output/ACS_summary_statistics.xlsx saved
file ./output/ACS_summary_statistics.xlsx saved
file ./output/ACS_summary_statistics.xlsx saved
file ./output/ACS_summary_statistics.xlsx saved
file ./output/ACS_summary_statistics.xlsx saved
file ./output/ACS_summary_statistics.xlsx saved
file ./output/ACS_summary_statistics.xlsx saved
file ./output/ACS_summary_statistics.xlsx saved
file ./output/ACS_summary_statistics.xlsx saved
file ./output/ACS_summary_statistics.xlsx saved
file ./output/ACS_summary_statistics.xlsx saved
file ./output/ACS_summary_statistics.xlsx saved
file ./output/ACS_summary_statistics.xlsx saved
file ./output/ACS_summary_statistics.xlsx saved
file ./output/ACS_summary_statistics.xlsx saved
file ./output/ACS_summary_statistics.xlsx saved
file ./output/ACS_summary_statistics.xlsx saved
file ./output/ACS_summary_statistics.xlsx saved
file ./output/ACS_summary_statistics.xlsx saved
file ./output/ACS_summary_statistics.xlsx saved
file ./output/ACS_summary_statistics.xlsx saved
file ./output/ACS_summary_statistics.xlsx saved
file ./output/ACS_summary_statistics.xlsx saved
file ./output/ACS_summary_statistics.xlsx saved
file ./output/ACS_summary_statistics.xlsx saved
file ./output/ACS_summary_statistics.xlsx saved
file ./output/ACS_summary_statistics.xlsx saved
file ./output/ACS_summary_statistics.xlsx saved
file ./output/ACS_summary_statistics.xlsx saved
file ./output/ACS_summary_statistics.xlsx saved
file ./output/ACS_summary_statistics.xlsx saved
file ./output/ACS_summary_statistics.xlsx saved
file ./output/ACS_summary_statistics.xlsx saved
file ./output/ACS_summary_statistics.xlsx saved
file ./output/ACS_summary_statistics.xlsx saved
file ./output/ACS_summary_statistics.xlsx saved
file ./output/ACS_summary_statistics.xlsx saved
file ./output/ACS_summary_statistics.xlsx saved
file ./output/ACS_summary_statistics.xlsx saved
file ./output/ACS_summary_statistics.xlsx saved
file ./output/ACS_summary_statistics.xlsx saved
file ./output/ACS_summary_statistics.xlsx saved
file ./output/ACS_summary_statistics.xlsx saved
file ./output/ACS_summary_statistics.xlsx saved
file ./output/ACS_summary_statistics.xlsx saved
file ./output/ACS_summary_statistics.xlsx saved
file ./output/ACS_summary_statistics.xlsx saved
file ./output/ACS_summary_statistics.xlsx saved
file ./output/ACS_summary_statistics.xlsx saved
file ./output/ACS_summary_statistics.xlsx saved
file ./output/ACS_summary_statistics.xlsx saved
file ./output/ACS_summary_statistics.xlsx saved
file ./output/ACS_summary_statistics.xlsx saved
file ./output/ACS_summary_statistics.xlsx saved
file ./output/ACS_summary_statistics.xlsx saved
file ./output/ACS_summary_statistics.xlsx saved
file ./output/ACS_summary_statistics.xlsx saved
file ./output/ACS_summary_statistics.xlsx saved
file ./output/ACS_summary_statistics.xlsx saved
file ./output/ACS_summary_statistics.xlsx saved
file ./output/ACS_summary_statistics.xlsx saved
file ./output/ACS_summary_statistics.xlsx saved
file ./output/ACS_summary_statistics.xlsx saved
file ./output/ACS_summary_statistics.xlsx saved
file ./output/ACS_summary_statistics.xlsx saved
file ./output/ACS_summary_statistics.xlsx saved
file ./output/ACS_summary_statistics.xlsx saved
file ./output/ACS_summary_statistics.xlsx saved
file ./output/ACS_summary_statistics.xlsx saved
file ./output/ACS_summary_statistics.xlsx saved
file ./output/ACS_summary_statistics.xlsx saved
file ./output/ACS_summary_statistics.xlsx saved
file ./output/ACS_summary_statistics.xlsx saved
file ./output/ACS_summary_statistics.xlsx saved
file ./output/ACS_summary_statistics.xlsx saved
file ./output/ACS_summary_statistics.xlsx saved
file ./output/ACS_summary_statistics.xlsx saved
file ./output/ACS_summary_statistics.xlsx saved
file ./output/ACS_summary_statistics.xlsx saved
file ./output/ACS_summary_statistics.xlsx saved
file ./output/ACS_summary_statistics.xlsx saved
file ./output/ACS_summary_statistics.xlsx saved
file ./output/ACS_summary_statistics.xlsx saved
file ./output/ACS_summary_statistics.xlsx saved
file ./output/ACS_summary_statistics.xlsx saved
file ./output/ACS_summary_statistics.xlsx saved
file ./output/ACS_summary_statistics.xlsx saved
file ./output/ACS_summary_statistics.xlsx saved
file ./output/ACS_summary_statistics.xlsx saved
file ./output/ACS_summary_statistics.xlsx saved
file ./output/ACS_summary_statistics.xlsx saved
file ./output/ACS_summary_statistics.xlsx saved
file ./output/ACS_summary_statistics.xlsx saved
file ./output/ACS_summary_statistics.xlsx saved
file ./output/ACS_summary_statistics.xlsx saved
file ./output/ACS_summary_statistics.xlsx saved
file ./output/ACS_summary_statistics.xlsx saved
file ./output/ACS_summary_statistics.xlsx saved
file ./output/ACS_summary_statistics.xlsx saved
file ./output/ACS_summary_statistics.xlsx saved
file ./output/ACS_summary_statistics.xlsx saved
file ./output/ACS_summary_statistics.xlsx saved
file ./output/ACS_summary_statistics.xlsx saved
file ./output/ACS_summary_statistics.xlsx saved
file ./output/ACS_summary_statistics.xlsx saved
file ./output/ACS_summary_statistics.xlsx saved
file ./output/ACS_summary_statistics.xlsx saved
file ./output/ACS_summary_statistics.xlsx saved
file ./output/ACS_summary_statistics.xlsx saved
file ./output/ACS_summary_statistics.xlsx saved
file ./output/ACS_summary_statistics.xlsx saved
file ./output/ACS_summary_statistics.xlsx saved
file ./output/ACS_summary_statistics.xlsx saved
file ./output/ACS_summary_statistics.xlsx saved
file ./output/ACS_summary_statistics.xlsx saved
file ./output/ACS_summary_statistics.xlsx saved
file ./output/ACS_summary_statistics.xlsx saved
file ./output/ACS_summary_statistics.xlsx saved
file ./output/ACS_summary_statistics.xlsx saved
file ./output/ACS_summary_statistics.xlsx saved
file ./output/ACS_summary_statistics.xlsx saved
file ./output/ACS_summary_statistics.xlsx saved
file ./output/ACS_summary_statistics.xlsx saved
file ./output/ACS_summary_statistics.xlsx saved
file ./output/ACS_summary_statistics.xlsx saved
file ./output/ACS_summary_statistics.xlsx saved
file ./output/ACS_summary_statistics.xlsx saved
file ./output/ACS_summary_statistics.xlsx saved
file ./output/ACS_summary_statistics.xlsx saved
file ./output/ACS_summary_statistics.xlsx saved
file ./output/ACS_summary_statistics.xlsx saved
file ./output/ACS_summary_statistics.xlsx saved
file ./output/ACS_summary_statistics.xlsx saved
file ./output/ACS_summary_statistics.xlsx saved
file ./output/ACS_summary_statistics.xlsx saved
file ./output/ACS_summary_statistics.xlsx saved
file ./output/ACS_summary_statistics.xlsx saved
file ./output/ACS_summary_statistics.xlsx saved
file ./output/ACS_summary_statistics.xlsx saved
file ./output/ACS_summary_statistics.xlsx saved
file ./output/ACS_summary_statistics.xlsx saved
file ./output/ACS_summary_statistics.xlsx saved
file ./output/ACS_summary_statistics.xlsx saved
file ./output/ACS_summary_statistics.xlsx saved
file ./output/ACS_summary_statistics.xlsx saved
file ./output/ACS_summary_statistics.xlsx saved
file ./output/ACS_summary_statistics.xlsx saved
file ./output/ACS_summary_statistics.xlsx saved
file ./output/ACS_summary_statistics.xlsx saved
file ./output/ACS_summary_statistics.xlsx saved
file ./output/ACS_summary_statistics.xlsx saved
file ./output/ACS_summary_statistics.xlsx saved
file ./output/ACS_summary_statistics.xlsx saved
file ./output/ACS_summary_statistics.xlsx saved
file ./output/ACS_summary_statistics.xlsx saved
file ./output/ACS_summary_statistics.xlsx saved
file ./output/ACS_summary_statistics.xlsx saved
file ./output/ACS_summary_statistics.xlsx saved
file ./output/ACS_summary_statistics.xlsx saved
file ./output/ACS_summary_statistics.xlsx saved
file ./output/ACS_summary_statistics.xlsx saved
file ./output/ACS_summary_statistics.xlsx saved
file ./output/ACS_summary_statistics.xlsx saved
file ./output/ACS_summary_statistics.xlsx saved
file ./output/ACS_summary_statistics.xlsx saved
file ./output/ACS_summary_statistics.xlsx saved
file ./output/ACS_summary_statistics.xlsx saved
file ./output/ACS_summary_statistics.xlsx saved
file ./output/ACS_summary_statistics.xlsx saved
file ./output/ACS_summary_statistics.xlsx saved
file ./output/ACS_summary_statistics.xlsx saved
file ./output/ACS_summary_statistics.xlsx saved
file ./output/ACS_summary_statistics.xlsx saved
file ./output/ACS_summary_statistics.xlsx saved
file ./output/ACS_summary_statistics.xlsx saved
file ./output/ACS_summary_statistics.xlsx saved
file ./output/ACS_summary_statistics.xlsx saved
file ./output/ACS_summary_statistics.xlsx saved
file ./output/ACS_summary_statistics.xlsx saved
file ./output/ACS_summary_statistics.xlsx saved
file ./output/ACS_summary_statistics.xlsx saved
file ./output/ACS_summary_statistics.xlsx saved
file ./output/ACS_summary_statistics.xlsx saved
file ./output/ACS_summary_statistics.xlsx saved
file ./output/ACS_summary_statistics.xlsx saved
file ./output/ACS_summary_statistics.xlsx saved
file ./output/ACS_summary_statistics.xlsx saved
file ./output/ACS_summary_statistics.xlsx saved
file ./output/ACS_summary_statistics.xlsx saved
file ./output/ACS_summary_statistics.xlsx saved
file ./output/ACS_summary_statistics.xlsx saved
file ./output/ACS_summary_statistics.xlsx saved
file ./output/ACS_summary_statistics.xlsx saved
file ./output/ACS_summary_statistics.xlsx saved
file ./output/ACS_summary_statistics.xlsx saved
file ./output/ACS_summary_statistics.xlsx saved
file ./output/ACS_summary_statistics.xlsx saved
file ./output/ACS_summary_statistics.xlsx saved
file ./output/ACS_summary_statistics.xlsx saved
file ./output/ACS_summary_statistics.xlsx saved
file ./output/ACS_summary_statistics.xlsx saved
file ./output/ACS_summary_statistics.xlsx saved
file ./output/ACS_summary_statistics.xlsx saved
file ./output/ACS_summary_statistics.xlsx saved
file ./output/ACS_summary_statistics.xlsx saved
file ./output/ACS_summary_statistics.xlsx saved
file ./output/ACS_summary_statistics.xlsx saved
file ./output/ACS_summary_statistics.xlsx saved
file ./output/ACS_summary_statistics.xlsx saved
file ./output/ACS_summary_statistics.xlsx saved
file ./output/ACS_summary_statistics.xlsx saved
file ./output/ACS_summary_statistics.xlsx saved
file ./output/ACS_summary_statistics.xlsx saved
file ./output/ACS_summary_statistics.xlsx saved
file ./output/ACS_summary_statistics.xlsx saved
file ./output/ACS_summary_statistics.xlsx saved
file ./output/ACS_summary_statistics.xlsx saved
file ./output/ACS_summary_statistics.xlsx saved
file ./output/ACS_summary_statistics.xlsx saved
file ./output/ACS_summary_statistics.xlsx saved
file ./output/ACS_summary_statistics.xlsx saved
file ./output/ACS_summary_statistics.xlsx saved
file ./output/ACS_summary_statistics.xlsx saved
file ./output/ACS_summary_statistics.xlsx saved
file ./output/ACS_summary_statistics.xlsx saved
file ./output/ACS_summary_statistics.xlsx saved
file ./output/ACS_summary_statistics.xlsx saved
file ./output/ACS_summary_statistics.xlsx saved
file ./output/ACS_summary_statistics.xlsx saved
file ./output/ACS_summary_statistics.xlsx saved
file ./output/ACS_summary_statistics.xlsx saved
file ./output/ACS_summary_statistics.xlsx saved
file ./output/ACS_summary_statistics.xlsx saved
file ./output/ACS_summary_statistics.xlsx saved
file ./output/ACS_summary_statistics.xlsx saved
file ./output/ACS_summary_statistics.xlsx saved
file ./output/ACS_summary_statistics.xlsx saved
file ./output/ACS_summary_statistics.xlsx saved
file ./output/ACS_summary_statistics.xlsx saved
file ./output/ACS_summary_statistics.xlsx saved
file ./output/ACS_summary_statistics.xlsx saved
file ./output/ACS_summary_statistics.xlsx saved
file ./output/ACS_summary_statistics.xlsx saved
file ./output/ACS_summary_statistics.xlsx saved
file ./output/ACS_summary_statistics.xlsx saved
file ./output/ACS_summary_statistics.xlsx saved
file ./output/ACS_summary_statistics.xlsx saved
file ./output/ACS_summary_statistics.xlsx saved
file ./output/ACS_summary_statistics.xlsx saved
file ./output/ACS_summary_statistics.xlsx saved
file ./output/ACS_summary_statistics.xlsx saved
file ./output/ACS_summary_statistics.xlsx saved
file ./output/ACS_summary_statistics.xlsx saved
file ./output/ACS_summary_statistics.xlsx saved
file ./output/ACS_summary_statistics.xlsx saved
file ./output/ACS_summary_statistics.xlsx saved
file ./output/ACS_summary_statistics.xlsx saved
file ./output/ACS_summary_statistics.xlsx saved
file ./output/ACS_summary_statistics.xlsx saved
file ./output/ACS_summary_statistics.xlsx saved
file ./output/ACS_summary_statistics.xlsx saved
file ./output/ACS_summary_statistics.xlsx saved
file ./output/ACS_summary_statistics.xlsx saved
file ./output/ACS_summary_statistics.xlsx saved
file ./output/ACS_summary_statistics.xlsx saved
file ./output/ACS_summary_statistics.xlsx saved
file ./output/ACS_summary_statistics.xlsx saved
file ./output/ACS_summary_statistics.xlsx saved
file ./output/ACS_summary_statistics.xlsx saved
file ./output/ACS_summary_statistics.xlsx saved
file ./output/ACS_summary_statistics.xlsx saved
file ./output/ACS_summary_statistics.xlsx saved
file ./output/ACS_summary_statistics.xlsx saved
file ./output/ACS_summary_statistics.xlsx saved
file ./output/ACS_summary_statistics.xlsx saved
file ./output/ACS_summary_statistics.xlsx saved
file ./output/ACS_summary_statistics.xlsx saved
file ./output/ACS_summary_statistics.xlsx saved
file ./output/ACS_summary_statistics.xlsx saved
file ./output/ACS_summary_statistics.xlsx saved
file ./output/ACS_summary_statistics.xlsx saved
file ./output/ACS_summary_statistics.xlsx saved
file ./output/ACS_summary_statistics.xlsx saved
file ./output/ACS_summary_statistics.xlsx saved
file ./output/ACS_summary_statistics.xlsx saved
file ./output/ACS_summary_statistics.xlsx saved
file ./output/ACS_summary_statistics.xlsx saved
file ./output/ACS_summary_statistics.xlsx saved
file ./output/ACS_summary_statistics.xlsx saved
file ./output/ACS_summary_statistics.xlsx saved
file ./output/ACS_summary_statistics.xlsx saved
file ./output/ACS_summary_statistics.xlsx saved
file ./output/ACS_summary_statistics.xlsx saved
file ./output/ACS_summary_statistics.xlsx saved
file ./output/ACS_summary_statistics.xlsx saved
file ./output/ACS_summary_statistics.xlsx saved
file ./output/ACS_summary_statistics.xlsx saved
file ./output/ACS_summary_statistics.xlsx saved
file ./output/ACS_summary_statistics.xlsx saved
file ./output/ACS_summary_statistics.xlsx saved
file ./output/ACS_summary_statistics.xlsx saved
file ./output/ACS_summary_statistics.xlsx saved
file ./output/ACS_summary_statistics.xlsx saved
file ./output/ACS_summary_statistics.xlsx saved
file ./output/ACS_summary_statistics.xlsx saved
file ./output/ACS_summary_statistics.xlsx saved
file ./output/ACS_summary_statistics.xlsx saved
file ./output/ACS_summary_statistics.xlsx saved
file ./output/ACS_summary_statistics.xlsx saved
file ./output/ACS_summary_statistics.xlsx saved
file ./output/ACS_summary_statistics.xlsx saved
file ./output/ACS_summary_statistics.xlsx saved
file ./output/ACS_summary_statistics.xlsx saved
file ./output/ACS_summary_statistics.xlsx saved
file ./output/ACS_summary_statistics.xlsx saved
file ./output/ACS_summary_statistics.xlsx saved
file ./output/ACS_summary_statistics.xlsx saved
file ./output/ACS_summary_statistics.xlsx saved
file ./output/ACS_summary_statistics.xlsx saved
file ./output/ACS_summary_statistics.xlsx saved
file ./output/ACS_summary_statistics.xlsx saved
file ./output/ACS_summary_statistics.xlsx saved
file ./output/ACS_summary_statistics.xlsx saved
file ./output/ACS_summary_statistics.xlsx saved
file ./output/ACS_summary_statistics.xlsx saved
file ./output/ACS_summary_statistics.xlsx saved
file ./output/ACS_summary_statistics.xlsx saved
file ./output/ACS_summary_statistics.xlsx saved
file ./output/ACS_summary_statistics.xlsx saved
file ./output/ACS_summary_statistics.xlsx saved
file ./output/ACS_summary_statistics.xlsx saved
file ./output/ACS_summary_statistics.xlsx saved
file ./output/ACS_summary_statistics.xlsx saved
file ./output/ACS_summary_statistics.xlsx saved
file ./output/ACS_summary_statistics.xlsx saved
file ./output/ACS_summary_statistics.xlsx saved
file ./output/ACS_summary_statistics.xlsx saved
file ./output/ACS_summary_statistics.xlsx saved
file ./output/ACS_summary_statistics.xlsx saved
file ./output/ACS_summary_statistics.xlsx saved
file ./output/ACS_summary_statistics.xlsx saved
file ./output/ACS_summary_statistics.xlsx saved
file ./output/ACS_summary_statistics.xlsx saved
file ./output/ACS_summary_statistics.xlsx saved
file ./output/ACS_summary_statistics.xlsx saved
file ./output/ACS_summary_statistics.xlsx saved
file ./output/ACS_summary_statistics.xlsx saved
file ./output/ACS_summary_statistics.xlsx saved
file ./output/ACS_summary_statistics.xlsx saved
file ./output/ACS_summary_statistics.xlsx saved
file ./output/ACS_summary_statistics.xlsx saved
file ./output/ACS_summary_statistics.xlsx saved
file ./output/ACS_summary_statistics.xlsx saved
file ./output/ACS_summary_statistics.xlsx saved
file ./output/ACS_summary_statistics.xlsx saved
file ./output/ACS_summary_statistics.xlsx saved
file ./output/ACS_summary_statistics.xlsx saved
file ./output/ACS_summary_statistics.xlsx saved
file ./output/ACS_summary_statistics.xlsx saved
file ./output/ACS_summary_statistics.xlsx saved
file ./output/ACS_summary_statistics.xlsx saved
file ./output/ACS_summary_statistics.xlsx saved
file ./output/ACS_summary_statistics.xlsx saved
file ./output/ACS_summary_statistics.xlsx saved
file ./output/ACS_summary_statistics.xlsx saved
file ./output/ACS_summary_statistics.xlsx saved
file ./output/ACS_summary_statistics.xlsx saved
file ./output/ACS_summary_statistics.xlsx saved
file ./output/ACS_summary_statistics.xlsx saved
file ./output/ACS_summary_statistics.xlsx saved
file ./output/ACS_summary_statistics.xlsx saved
file ./output/ACS_summary_statistics.xlsx saved
file ./output/ACS_summary_statistics.xlsx saved
file ./output/ACS_summary_statistics.xlsx saved
file ./output/ACS_summary_statistics.xlsx saved
file ./output/ACS_summary_statistics.xlsx saved
file ./output/ACS_summary_statistics.xlsx saved
file ./output/ACS_summary_statistics.xlsx saved
file ./output/ACS_summary_statistics.xlsx saved
file ./output/ACS_summary_statistics.xlsx saved
file ./output/ACS_summary_statistics.xlsx saved
file ./output/ACS_summary_statistics.xlsx saved
file ./output/ACS_summary_statistics.xlsx saved
file ./output/ACS_summary_statistics.xlsx saved
file ./output/ACS_summary_statistics.xlsx saved
file ./output/ACS_summary_statistics.xlsx saved
file ./output/ACS_summary_statistics.xlsx saved
file ./output/ACS_summary_statistics.xlsx saved
file ./output/ACS_summary_statistics.xlsx saved
file ./output/ACS_summary_statistics.xlsx saved
file ./output/ACS_summary_statistics.xlsx saved
file ./output/ACS_summary_statistics.xlsx saved
file ./output/ACS_summary_statistics.xlsx saved
file ./output/ACS_summary_statistics.xlsx saved
file ./output/ACS_summary_statistics.xlsx saved
file ./output/ACS_summary_statistics.xlsx saved
file ./output/ACS_summary_statistics.xlsx saved
file ./output/ACS_summary_statistics.xlsx saved
file ./output/ACS_summary_statistics.xlsx saved
file ./output/ACS_summary_statistics.xlsx saved
file ./output/ACS_summary_statistics.xlsx saved
file ./output/ACS_summary_statistics.xlsx saved
file ./output/ACS_summary_statistics.xlsx saved
file ./output/ACS_summary_statistics.xlsx saved
file ./output/ACS_summary_statistics.xlsx saved
file ./output/ACS_summary_statistics.xlsx saved
file ./output/ACS_summary_statistics.xlsx saved
file ./output/ACS_summary_statistics.xlsx saved
file ./output/ACS_summary_statistics.xlsx saved
file ./output/ACS_summary_statistics.xlsx saved
file ./output/ACS_summary_statistics.xlsx saved
file ./output/ACS_summary_statistics.xlsx saved
file ./output/ACS_summary_statistics.xlsx saved
file ./output/ACS_summary_statistics.xlsx saved
file ./output/ACS_summary_statistics.xlsx saved
file ./output/ACS_summary_statistics.xlsx saved
file ./output/ACS_summary_statistics.xlsx saved
file ./output/ACS_summary_statistics.xlsx saved
file ./output/ACS_summary_statistics.xlsx saved
file ./output/ACS_summary_statistics.xlsx saved
file ./output/ACS_summary_statistics.xlsx saved
file ./output/ACS_summary_statistics.xlsx saved
file ./output/ACS_summary_statistics.xlsx saved
file ./output/ACS_summary_statistics.xlsx saved
file ./output/ACS_summary_statistics.xlsx saved
file ./output/ACS_summary_statistics.xlsx saved
file ./output/ACS_summary_statistics.xlsx saved
file ./output/ACS_summary_statistics.xlsx saved
file ./output/ACS_summary_statistics.xlsx saved
file ./output/ACS_summary_statistics.xlsx saved
file ./output/ACS_summary_statistics.xlsx saved
file ./output/ACS_summary_statistics.xlsx saved
file ./output/ACS_summary_statistics.xlsx saved
file ./output/ACS_summary_statistics.xlsx saved
file ./output/ACS_summary_statistics.xlsx saved
file ./output/ACS_summary_statistics.xlsx saved
file ./output/ACS_summary_statistics.xlsx saved
file ./output/ACS_summary_statistics.xlsx saved
file ./output/ACS_summary_statistics.xlsx saved
file ./output/ACS_summary_statistics.xlsx saved
file ./output/ACS_summary_statistics.xlsx saved
file ./output/ACS_summary_statistics.xlsx saved
file ./output/ACS_summary_statistics.xlsx saved
file ./output/ACS_summary_statistics.xlsx saved
file ./output/ACS_summary_statistics.xlsx saved
file ./output/ACS_summary_statistics.xlsx saved
file ./output/ACS_summary_statistics.xlsx saved
file ./output/ACS_summary_statistics.xlsx saved
file ./output/ACS_summary_statistics.xlsx saved
file ./output/ACS_summary_statistics.xlsx saved
file ./output/ACS_summary_statistics.xlsx saved
file ./output/ACS_summary_statistics.xlsx saved
file ./output/ACS_summary_statistics.xlsx saved
file ./output/ACS_summary_statistics.xlsx saved
file ./output/ACS_summary_statistics.xlsx saved
file ./output/ACS_summary_statistics.xlsx saved
file ./output/ACS_summary_statistics.xlsx saved
file ./output/ACS_summary_statistics.xlsx saved
file ./output/ACS_summary_statistics.xlsx saved
file ./output/ACS_summary_statistics.xlsx saved
file ./output/ACS_summary_statistics.xlsx saved
file ./output/ACS_summary_statistics.xlsx saved
file ./output/ACS_summary_statistics.xlsx saved
file ./output/ACS_summary_statistics.xlsx saved
file ./output/ACS_summary_statistics.xlsx saved
file ./output/ACS_summary_statistics.xlsx saved
file ./output/ACS_summary_statistics.xlsx saved
file ./output/ACS_summary_statistics.xlsx saved
file ./output/ACS_summary_statistics.xlsx saved
file ./output/ACS_summary_statistics.xlsx saved
file ./output/ACS_summary_statistics.xlsx saved
file ./output/ACS_summary_statistics.xlsx saved
file ./output/ACS_summary_statistics.xlsx saved
file ./output/ACS_summary_statistics.xlsx saved
file ./output/ACS_summary_statistics.xlsx saved
file ./output/ACS_summary_statistics.xlsx saved
file ./output/ACS_summary_statistics.xlsx saved
file ./output/ACS_summary_statistics.xlsx saved
file ./output/ACS_summary_statistics.xlsx saved
file ./output/ACS_summary_statistics.xlsx saved
file ./output/ACS_summary_statistics.xlsx saved
file ./output/ACS_summary_statistics.xlsx saved
file ./output/ACS_summary_statistics.xlsx saved
file ./output/ACS_summary_statistics.xlsx saved
file ./output/ACS_summary_statistics.xlsx saved
file ./output/ACS_summary_statistics.xlsx saved
file ./output/ACS_summary_statistics.xlsx saved
file ./output/ACS_summary_statistics.xlsx saved
file ./output/ACS_summary_statistics.xlsx saved
file ./output/ACS_summary_statistics.xlsx saved
file ./output/ACS_summary_statistics.xlsx saved
file ./output/ACS_summary_statistics.xlsx saved
file ./output/ACS_summary_statistics.xlsx saved
file ./output/ACS_summary_statistics.xlsx saved
file ./output/ACS_summary_statistics.xlsx saved
file ./output/ACS_summary_statistics.xlsx saved
file ./output/ACS_summary_statistics.xlsx saved
file ./output/ACS_summary_statistics.xlsx saved
file ./output/ACS_summary_statistics.xlsx saved
file ./output/ACS_summary_statistics.xlsx saved
file ./output/ACS_summary_statistics.xlsx saved
file ./output/ACS_summary_statistics.xlsx saved
file ./output/ACS_summary_statistics.xlsx saved
file ./output/ACS_summary_statistics.xlsx saved
file ./output/ACS_summary_statistics.xlsx saved
file ./output/ACS_summary_statistics.xlsx saved
file ./output/ACS_summary_statistics.xlsx saved
file ./output/ACS_summary_statistics.xlsx saved
file ./output/ACS_summary_statistics.xlsx saved
file ./output/ACS_summary_statistics.xlsx saved
file ./output/ACS_summary_statistics.xlsx saved
file ./output/ACS_summary_statistics.xlsx saved
file ./output/ACS_summary_statistics.xlsx saved
file ./output/ACS_summary_statistics.xlsx saved
file ./output/ACS_summary_statistics.xlsx saved
file ./output/ACS_summary_statistics.xlsx saved
file ./output/ACS_summary_statistics.xlsx saved
file ./output/ACS_summary_statistics.xlsx saved
file ./output/ACS_summary_statistics.xlsx saved
file ./output/ACS_summary_statistics.xlsx saved
file ./output/ACS_summary_statistics.xlsx saved
file ./output/ACS_summary_statistics.xlsx saved
file ./output/ACS_summary_statistics.xlsx saved
file ./output/ACS_summary_statistics.xlsx saved
file ./output/ACS_summary_statistics.xlsx saved
file ./output/ACS_summary_statistics.xlsx saved
file ./output/ACS_summary_statistics.xlsx saved
file ./output/ACS_summary_statistics.xlsx saved
file ./output/ACS_summary_statistics.xlsx saved
file ./output/ACS_summary_statistics.xlsx saved
file ./output/ACS_summary_statistics.xlsx saved
file ./output/ACS_summary_statistics.xlsx saved
file ./output/ACS_summary_statistics.xlsx saved
file ./output/ACS_summary_statistics.xlsx saved
file ./output/ACS_summary_statistics.xlsx saved
file ./output/ACS_summary_statistics.xlsx saved
file ./output/ACS_summary_statistics.xlsx saved
file ./output/ACS_summary_statistics.xlsx saved
file ./output/ACS_summary_statistics.xlsx saved
file ./output/ACS_summary_statistics.xlsx saved
file ./output/ACS_summary_statistics.xlsx saved
file ./output/ACS_summary_statistics.xlsx saved
file ./output/ACS_summary_statistics.xlsx saved
file ./output/ACS_summary_statistics.xlsx saved
file ./output/ACS_summary_statistics.xlsx saved
file ./output/ACS_summary_statistics.xlsx saved
file ./output/ACS_summary_statistics.xlsx saved
file ./output/ACS_summary_statistics.xlsx saved
file ./output/ACS_summary_statistics.xlsx saved
file ./output/ACS_summary_statistics.xlsx saved
file ./output/ACS_summary_statistics.xlsx saved
file ./output/ACS_summary_statistics.xlsx saved
file ./output/ACS_summary_statistics.xlsx saved
file ./output/ACS_summary_statistics.xlsx saved
file ./output/ACS_summary_statistics.xlsx saved
file ./output/ACS_summary_statistics.xlsx saved
file ./output/ACS_summary_statistics.xlsx saved
file ./output/ACS_summary_statistics.xlsx saved
file ./output/ACS_summary_statistics.xlsx saved
file ./output/ACS_summary_statistics.xlsx saved
file ./output/ACS_summary_statistics.xlsx saved
file ./output/ACS_summary_statistics.xlsx saved
file ./output/ACS_summary_statistics.xlsx saved
file ./output/ACS_summary_statistics.xlsx saved
file ./output/ACS_summary_statistics.xlsx saved
file ./output/ACS_summary_statistics.xlsx saved
file ./output/ACS_summary_statistics.xlsx saved
file ./output/ACS_summary_statistics.xlsx saved
file ./output/ACS_summary_statistics.xlsx saved
file ./output/ACS_summary_statistics.xlsx saved
file ./output/ACS_summary_statistics.xlsx saved
file ./output/ACS_summary_statistics.xlsx saved
file ./output/ACS_summary_statistics.xlsx saved
file ./output/ACS_summary_statistics.xlsx saved
file ./output/ACS_summary_statistics.xlsx saved
file ./output/ACS_summary_statistics.xlsx saved
file ./output/ACS_summary_statistics.xlsx saved
file ./output/ACS_summary_statistics.xlsx saved
file ./output/ACS_summary_statistics.xlsx saved
file ./output/ACS_summary_statistics.xlsx saved
file ./output/ACS_summary_statistics.xlsx saved
file ./output/ACS_summary_statistics.xlsx saved
file ./output/ACS_summary_statistics.xlsx saved
file ./output/ACS_summary_statistics.xlsx saved
file ./output/ACS_summary_statistics.xlsx saved
file ./output/ACS_summary_statistics.xlsx saved
file ./output/ACS_summary_statistics.xlsx saved
file ./output/ACS_summary_statistics.xlsx saved
file ./output/ACS_summary_statistics.xlsx saved
file ./output/ACS_summary_statistics.xlsx saved
file ./output/ACS_summary_statistics.xlsx saved
file ./output/ACS_summary_statistics.xlsx saved
file ./output/ACS_summary_statistics.xlsx saved
file ./output/ACS_summary_statistics.xlsx saved
file ./output/ACS_summary_statistics.xlsx saved
file ./output/ACS_summary_statistics.xlsx saved
file ./output/ACS_summary_statistics.xlsx saved
file ./output/ACS_summary_statistics.xlsx saved
file ./output/ACS_summary_statistics.xlsx saved
file ./output/ACS_summary_statistics.xlsx saved
file ./output/ACS_summary_statistics.xlsx saved
file ./output/ACS_summary_statistics.xlsx saved
file ./output/ACS_summary_statistics.xlsx saved
file ./output/ACS_summary_statistics.xlsx saved
file ./output/ACS_summary_statistics.xlsx saved
file ./output/ACS_summary_statistics.xlsx saved
file ./output/ACS_summary_statistics.xlsx saved
file ./output/ACS_summary_statistics.xlsx saved
file ./output/ACS_summary_statistics.xlsx saved
file ./output/ACS_summary_statistics.xlsx saved
file ./output/ACS_summary_statistics.xlsx saved
file ./output/ACS_summary_statistics.xlsx saved
file ./output/ACS_summary_statistics.xlsx saved
file ./output/ACS_summary_statistics.xlsx saved
file ./output/ACS_summary_statistics.xlsx saved
file ./output/ACS_summary_statistics.xlsx saved
file ./output/ACS_summary_statistics.xlsx saved
file ./output/ACS_summary_statistics.xlsx saved
file ./output/ACS_summary_statistics.xlsx saved
file ./output/ACS_summary_statistics.xlsx saved
file ./output/ACS_summary_statistics.xlsx saved
file ./output/ACS_summary_statistics.xlsx saved
file ./output/ACS_summary_statistics.xlsx saved
file ./output/ACS_summary_statistics.xlsx saved
file ./output/ACS_summary_statistics.xlsx saved
file ./output/ACS_summary_statistics.xlsx saved
file ./output/ACS_summary_statistics.xlsx saved
file ./output/ACS_summary_statistics.xlsx saved
file ./output/ACS_summary_statistics.xlsx saved
file ./output/ACS_summary_statistics.xlsx saved
file ./output/ACS_summary_statistics.xlsx saved
file ./output/ACS_summary_statistics.xlsx saved
file ./output/ACS_summary_statistics.xlsx saved
file ./output/ACS_summary_statistics.xlsx saved
file ./output/ACS_summary_statistics.xlsx saved
file ./output/ACS_summary_statistics.xlsx saved
file ./output/ACS_summary_statistics.xlsx saved
file ./output/ACS_summary_statistics.xlsx saved
file ./output/ACS_summary_statistics.xlsx saved
file ./output/ACS_summary_statistics.xlsx saved
file ./output/ACS_summary_statistics.xlsx saved
file ./output/ACS_summary_statistics.xlsx saved
file ./output/ACS_summary_statistics.xlsx saved
file ./output/ACS_summary_statistics.xlsx saved
file ./output/ACS_summary_statistics.xlsx saved
file ./output/ACS_summary_statistics.xlsx saved
file ./output/ACS_summary_statistics.xlsx saved
file ./output/ACS_summary_statistics.xlsx saved
file ./output/ACS_summary_statistics.xlsx saved
file ./output/ACS_summary_statistics.xlsx saved
file ./output/ACS_summary_statistics.xlsx saved
file ./output/ACS_summary_statistics.xlsx saved
file ./output/ACS_summary_statistics.xlsx saved
file ./output/ACS_summary_statistics.xlsx saved
file ./output/ACS_summary_statistics.xlsx saved
file ./output/ACS_summary_statistics.xlsx saved
file ./output/ACS_summary_statistics.xlsx saved
file ./output/ACS_summary_statistics.xlsx saved
file ./output/ACS_summary_statistics.xlsx saved
file ./output/ACS_summary_statistics.xlsx saved
file ./output/ACS_summary_statistics.xlsx saved
file ./output/ACS_summary_statistics.xlsx saved
file ./output/ACS_summary_statistics.xlsx saved
file ./output/ACS_summary_statistics.xlsx saved
file ./output/ACS_summary_statistics.xlsx saved
file ./output/ACS_summary_statistics.xlsx saved
file ./output/ACS_summary_statistics.xlsx saved
file ./output/ACS_summary_statistics.xlsx saved
file ./output/ACS_summary_statistics.xlsx saved
file ./output/ACS_summary_statistics.xlsx saved
file ./output/ACS_summary_statistics.xlsx saved
file ./output/ACS_summary_statistics.xlsx saved
file ./output/ACS_summary_statistics.xlsx saved
file ./output/ACS_summary_statistics.xlsx saved
file ./output/ACS_summary_statistics.xlsx saved
file ./output/ACS_summary_statistics.xlsx saved
file ./output/ACS_summary_statistics.xlsx saved
file ./output/ACS_summary_statistics.xlsx saved
file ./output/ACS_summary_statistics.xlsx saved
file ./output/ACS_summary_statistics.xlsx saved
file ./output/ACS_summary_statistics.xlsx saved
file ./output/ACS_summary_statistics.xlsx saved
file ./output/ACS_summary_statistics.xlsx saved
file ./output/ACS_summary_statistics.xlsx saved
file ./output/ACS_summary_statistics.xlsx saved
file ./output/ACS_summary_statistics.xlsx saved
file ./output/ACS_summary_statistics.xlsx saved
file ./output/ACS_summary_statistics.xlsx saved
file ./output/ACS_summary_statistics.xlsx saved
file ./output/ACS_summary_statistics.xlsx saved
file ./output/ACS_summary_statistics.xlsx saved
file ./output/ACS_summary_statistics.xlsx saved
file ./output/ACS_summary_statistics.xlsx saved
file ./output/ACS_summary_statistics.xlsx saved
file ./output/ACS_summary_statistics.xlsx saved
file ./output/ACS_summary_statistics.xlsx saved
file ./output/ACS_summary_statistics.xlsx saved
file ./output/ACS_summary_statistics.xlsx saved
file ./output/ACS_summary_statistics.xlsx saved
file ./output/ACS_summary_statistics.xlsx saved
file ./output/ACS_summary_statistics.xlsx saved
file ./output/ACS_summary_statistics.xlsx saved
file ./output/ACS_summary_statistics.xlsx saved
file ./output/ACS_summary_statistics.xlsx saved
file ./output/ACS_summary_statistics.xlsx saved
file ./output/ACS_summary_statistics.xlsx saved
file ./output/ACS_summary_statistics.xlsx saved
file ./output/ACS_summary_statistics.xlsx saved
file ./output/ACS_summary_statistics.xlsx saved
file ./output/ACS_summary_statistics.xlsx saved
file ./output/ACS_summary_statistics.xlsx saved
file ./output/ACS_summary_statistics.xlsx saved
file ./output/ACS_summary_statistics.xlsx saved
file ./output/ACS_summary_statistics.xlsx saved
file ./output/ACS_summary_statistics.xlsx saved
file ./output/ACS_summary_statistics.xlsx saved
file ./output/ACS_summary_statistics.xlsx saved
file ./output/ACS_summary_statistics.xlsx saved
file ./output/ACS_summary_statistics.xlsx saved
file ./output/ACS_summary_statistics.xlsx saved
file ./output/ACS_summary_statistics.xlsx saved
file ./output/ACS_summary_statistics.xlsx saved
file ./output/ACS_summary_statistics.xlsx saved
file ./output/ACS_summary_statistics.xlsx saved
file ./output/ACS_summary_statistics.xlsx saved
file ./output/ACS_summary_statistics.xlsx saved
file ./output/ACS_summary_statistics.xlsx saved
file ./output/ACS_summary_statistics.xlsx saved
file ./output/ACS_summary_statistics.xlsx saved
file ./output/ACS_summary_statistics.xlsx saved
file ./output/ACS_summary_statistics.xlsx saved
file ./output/ACS_summary_statistics.xlsx saved
file ./output/ACS_summary_statistics.xlsx saved
file ./output/ACS_summary_statistics.xlsx saved
file ./output/ACS_summary_statistics.xlsx saved
file ./output/ACS_summary_statistics.xlsx saved
file ./output/ACS_summary_statistics.xlsx saved
file ./output/ACS_summary_statistics.xlsx saved
file ./output/ACS_summary_statistics.xlsx saved
file ./output/ACS_summary_statistics.xlsx saved
file ./output/ACS_summary_statistics.xlsx saved
file ./output/ACS_summary_statistics.xlsx saved
file ./output/ACS_summary_statistics.xlsx saved
file ./output/ACS_summary_statistics.xlsx saved
file ./output/ACS_summary_statistics.xlsx saved
file ./output/ACS_summary_statistics.xlsx saved
file ./output/ACS_summary_statistics.xlsx saved
file ./output/ACS_summary_statistics.xlsx saved
file ./output/ACS_summary_statistics.xlsx saved
file ./output/ACS_summary_statistics.xlsx saved
file ./output/ACS_summary_statistics.xlsx saved
file ./output/ACS_summary_statistics.xlsx saved
file ./output/ACS_summary_statistics.xlsx saved
file ./output/ACS_summary_statistics.xlsx saved
file ./output/ACS_summary_statistics.xlsx saved
file ./output/ACS_summary_statistics.xlsx saved
file ./output/ACS_summary_statistics.xlsx saved
file ./output/ACS_summary_statistics.xlsx saved
file ./output/ACS_summary_statistics.xlsx saved
file ./output/ACS_summary_statistics.xlsx saved
file ./output/ACS_summary_statistics.xlsx saved
file ./output/ACS_summary_statistics.xlsx saved
file ./output/ACS_summary_statistics.xlsx saved
file ./output/ACS_summary_statistics.xlsx saved
file ./output/ACS_summary_statistics.xlsx saved
file ./output/ACS_summary_statistics.xlsx saved
file ./output/ACS_summary_statistics.xlsx saved
file ./output/ACS_summary_statistics.xlsx saved
file ./output/ACS_summary_statistics.xlsx saved
file ./output/ACS_summary_statistics.xlsx saved
file ./output/ACS_summary_statistics.xlsx saved
file ./output/ACS_summary_statistics.xlsx saved
file ./output/ACS_summary_statistics.xlsx saved
file ./output/ACS_summary_statistics.xlsx saved
file ./output/ACS_summary_statistics.xlsx saved
file ./output/ACS_summary_statistics.xlsx saved
file ./output/ACS_summary_statistics.xlsx saved
file ./output/ACS_summary_statistics.xlsx saved
file ./output/ACS_summary_statistics.xlsx saved
file ./output/ACS_summary_statistics.xlsx saved
file ./output/ACS_summary_statistics.xlsx saved
file ./output/ACS_summary_statistics.xlsx saved
file ./output/ACS_summary_statistics.xlsx saved
file ./output/ACS_summary_statistics.xlsx saved
file ./output/ACS_summary_statistics.xlsx saved
file ./output/ACS_summary_statistics.xlsx saved
file ./output/ACS_summary_statistics.xlsx saved
file ./output/ACS_summary_statistics.xlsx saved
file ./output/ACS_summary_statistics.xlsx saved
file ./output/ACS_summary_statistics.xlsx saved
file ./output/ACS_summary_statistics.xlsx saved
file ./output/ACS_summary_statistics.xlsx saved
file ./output/ACS_summary_statistics.xlsx saved
file ./output/ACS_summary_statistics.xlsx saved
file ./output/ACS_summary_statistics.xlsx saved
file ./output/ACS_summary_statistics.xlsx saved
file ./output/ACS_summary_statistics.xlsx saved
file ./output/ACS_summary_statistics.xlsx saved
file ./output/ACS_summary_statistics.xlsx saved
file ./output/ACS_summary_statistics.xlsx saved
file ./output/ACS_summary_statistics.xlsx saved
file ./output/ACS_summary_statistics.xlsx saved
file ./output/ACS_summary_statistics.xlsx saved
file ./output/ACS_summary_statistics.xlsx saved
file ./output/ACS_summary_statistics.xlsx saved
file ./output/ACS_summary_statistics.xlsx saved
file ./output/ACS_summary_statistics.xlsx saved
file ./output/ACS_summary_statistics.xlsx saved
file ./output/ACS_summary_statistics.xlsx saved
file ./output/ACS_summary_statistics.xlsx saved
file ./output/ACS_summary_statistics.xlsx saved
file ./output/ACS_summary_statistics.xlsx saved
file ./output/ACS_summary_statistics.xlsx saved
file ./output/ACS_summary_statistics.xlsx saved
file ./output/ACS_summary_statistics.xlsx saved
file ./output/ACS_summary_statistics.xlsx saved
file ./output/ACS_summary_statistics.xlsx saved
file ./output/ACS_summary_statistics.xlsx saved
file ./output/ACS_summary_statistics.xlsx saved
file ./output/ACS_summary_statistics.xlsx saved
file ./output/ACS_summary_statistics.xlsx saved
file ./output/ACS_summary_statistics.xlsx saved
file ./output/ACS_summary_statistics.xlsx saved
file ./output/ACS_summary_statistics.xlsx saved
file ./output/ACS_summary_statistics.xlsx saved
file ./output/ACS_summary_statistics.xlsx saved
file ./output/ACS_summary_statistics.xlsx saved
file ./output/ACS_summary_statistics.xlsx saved
file ./output/ACS_summary_statistics.xlsx saved
file ./output/ACS_summary_statistics.xlsx saved
file ./output/ACS_summary_statistics.xlsx saved
file ./output/ACS_summary_statistics.xlsx saved
file ./output/ACS_summary_statistics.xlsx saved
file ./output/ACS_summary_statistics.xlsx saved
file ./output/ACS_summary_statistics.xlsx saved
file ./output/ACS_summary_statistics.xlsx saved
file ./output/ACS_summary_statistics.xlsx saved
file ./output/ACS_summary_statistics.xlsx saved
file ./output/ACS_summary_statistics.xlsx saved
file ./output/ACS_summary_statistics.xlsx saved
file ./output/ACS_summary_statistics.xlsx saved
file ./output/ACS_summary_statistics.xlsx saved
file ./output/ACS_summary_statistics.xlsx saved
file ./output/ACS_summary_statistics.xlsx saved
file ./output/ACS_summary_statistics.xlsx saved
file ./output/ACS_summary_statistics.xlsx saved
file ./output/ACS_summary_statistics.xlsx saved
file ./output/ACS_summary_statistics.xlsx saved
file ./output/ACS_summary_statistics.xlsx saved
file ./output/ACS_summary_statistics.xlsx saved
file ./output/ACS_summary_statistics.xlsx saved
file ./output/ACS_summary_statistics.xlsx saved
file ./output/ACS_summary_statistics.xlsx saved
file ./output/ACS_summary_statistics.xlsx saved
file ./output/ACS_summary_statistics.xlsx saved
file ./output/ACS_summary_statistics.xlsx saved
file ./output/ACS_summary_statistics.xlsx saved
file ./output/ACS_summary_statistics.xlsx saved
file ./output/ACS_summary_statistics.xlsx saved
file ./output/ACS_summary_statistics.xlsx saved
file ./output/ACS_summary_statistics.xlsx saved
file ./output/ACS_summary_statistics.xlsx saved
file ./output/ACS_summary_statistics.xlsx saved
file ./output/ACS_summary_statistics.xlsx saved
file ./output/ACS_summary_statistics.xlsx saved
file ./output/ACS_summary_statistics.xlsx saved
file ./output/ACS_summary_statistics.xlsx saved
file ./output/ACS_summary_statistics.xlsx saved
file ./output/ACS_summary_statistics.xlsx saved
file ./output/ACS_summary_statistics.xlsx saved
file ./output/ACS_summary_statistics.xlsx saved
file ./output/ACS_summary_statistics.xlsx saved
file ./output/ACS_summary_statistics.xlsx saved
file ./output/ACS_summary_statistics.xlsx saved
file ./output/ACS_summary_statistics.xlsx saved
file ./output/ACS_summary_statistics.xlsx saved
file ./output/ACS_summary_statistics.xlsx saved
file ./output/ACS_summary_statistics.xlsx saved
file ./output/ACS_summary_statistics.xlsx saved
file ./output/ACS_summary_statistics.xlsx saved
file ./output/ACS_summary_statistics.xlsx saved
file ./output/ACS_summary_statistics.xlsx saved
file ./output/ACS_summary_statistics.xlsx saved
file ./output/ACS_summary_statistics.xlsx saved
file ./output/ACS_summary_statistics.xlsx saved
file ./output/ACS_summary_statistics.xlsx saved
file ./output/ACS_summary_statistics.xlsx saved
file ./output/ACS_summary_statistics.xlsx saved
file ./output/ACS_summary_statistics.xlsx saved
file ./output/ACS_summary_statistics.xlsx saved
file ./output/ACS_summary_statistics.xlsx saved
file ./output/ACS_summary_statistics.xlsx saved
file ./output/ACS_summary_statistics.xlsx saved
file ./output/ACS_summary_statistics.xlsx saved
file ./output/ACS_summary_statistics.xlsx saved
file ./output/ACS_summary_statistics.xlsx saved
file ./output/ACS_summary_statistics.xlsx saved
file ./output/ACS_summary_statistics.xlsx saved
file ./output/ACS_summary_statistics.xlsx saved
file ./output/ACS_summary_statistics.xlsx saved
file ./output/ACS_summary_statistics.xlsx saved
file ./output/ACS_summary_statistics.xlsx saved
file ./output/ACS_summary_statistics.xlsx saved
file ./output/ACS_summary_statistics.xlsx saved
file ./output/ACS_summary_statistics.xlsx saved
file ./output/ACS_summary_statistics.xlsx saved
file ./output/ACS_summary_statistics.xlsx saved
file ./output/ACS_summary_statistics.xlsx saved
file ./output/ACS_summary_statistics.xlsx saved
file ./output/ACS_summary_statistics.xlsx saved
file ./output/ACS_summary_statistics.xlsx saved
file ./output/ACS_summary_statistics.xlsx saved
file ./output/ACS_summary_statistics.xlsx saved
file ./output/ACS_summary_statistics.xlsx saved
file ./output/ACS_summary_statistics.xlsx saved
file ./output/ACS_summary_statistics.xlsx saved
file ./output/ACS_summary_statistics.xlsx saved
file ./output/ACS_summary_statistics.xlsx saved
file ./output/ACS_summary_statistics.xlsx saved
file ./output/ACS_summary_statistics.xlsx saved
file ./output/ACS_summary_statistics.xlsx saved
file ./output/ACS_summary_statistics.xlsx saved
file ./output/ACS_summary_statistics.xlsx saved
file ./output/ACS_summary_statistics.xlsx saved
file ./output/ACS_summary_statistics.xlsx saved
file ./output/ACS_summary_statistics.xlsx saved
file ./output/ACS_summary_statistics.xlsx saved
file ./output/ACS_summary_statistics.xlsx saved
file ./output/ACS_summary_statistics.xlsx saved
file ./output/ACS_summary_statistics.xlsx saved
file ./output/ACS_summary_statistics.xlsx saved
file ./output/ACS_summary_statistics.xlsx saved
file ./output/ACS_summary_statistics.xlsx saved
file ./output/ACS_summary_statistics.xlsx saved
file ./output/ACS_summary_statistics.xlsx saved
file ./output/ACS_summary_statistics.xlsx saved
file ./output/ACS_summary_statistics.xlsx saved
file ./output/ACS_summary_statistics.xlsx saved
file ./output/ACS_summary_statistics.xlsx saved
file ./output/ACS_summary_statistics.xlsx saved
file ./output/ACS_summary_statistics.xlsx saved
file ./output/ACS_summary_statistics.xlsx saved
file ./output/ACS_summary_statistics.xlsx saved
file ./output/ACS_summary_statistics.xlsx saved
file ./output/ACS_summary_statistics.xlsx saved
file ./output/ACS_summary_statistics.xlsx saved
file ./output/ACS_summary_statistics.xlsx saved
file ./output/ACS_summary_statistics.xlsx saved
file ./output/ACS_summary_statistics.xlsx saved
file ./output/ACS_summary_statistics.xlsx saved
file ./output/ACS_summary_statistics.xlsx saved
file ./output/ACS_summary_statistics.xlsx saved
file ./output/ACS_summary_statistics.xlsx saved
file ./output/ACS_summary_statistics.xlsx saved
file ./output/ACS_summary_statistics.xlsx saved
file ./output/ACS_summary_statistics.xlsx saved
file ./output/ACS_summary_statistics.xlsx saved
file ./output/ACS_summary_statistics.xlsx saved
file ./output/ACS_summary_statistics.xlsx saved
file ./output/ACS_summary_statistics.xlsx saved
file ./output/ACS_summary_statistics.xlsx saved
file ./output/ACS_summary_statistics.xlsx saved
file ./output/ACS_summary_statistics.xlsx saved
file ./output/ACS_summary_statistics.xlsx saved
file ./output/ACS_summary_statistics.xlsx saved
file ./output/ACS_summary_statistics.xlsx saved
file ./output/ACS_summary_statistics.xlsx saved
file ./output/ACS_summary_statistics.xlsx saved
file ./output/ACS_summary_statistics.xlsx saved
file ./output/ACS_summary_statistics.xlsx saved
file ./output/ACS_summary_statistics.xlsx saved
file ./output/ACS_summary_statistics.xlsx saved
file ./output/ACS_summary_statistics.xlsx saved
file ./output/ACS_summary_statistics.xlsx saved
file ./output/ACS_summary_statistics.xlsx saved
file ./output/ACS_summary_statistics.xlsx saved
file ./output/ACS_summary_statistics.xlsx saved
file ./output/ACS_summary_statistics.xlsx saved
file ./output/ACS_summary_statistics.xlsx saved
file ./output/ACS_summary_statistics.xlsx saved
file ./output/ACS_summary_statistics.xlsx saved
file ./output/ACS_summary_statistics.xlsx saved
file ./output/ACS_summary_statistics.xlsx saved
file ./output/ACS_summary_statistics.xlsx saved
file ./output/ACS_summary_statistics.xlsx saved
file ./output/ACS_summary_statistics.xlsx saved
file ./output/ACS_summary_statistics.xlsx saved
file ./output/ACS_summary_statistics.xlsx saved
file ./output/ACS_summary_statistics.xlsx saved
file ./output/ACS_summary_statistics.xlsx saved
file ./output/ACS_summary_statistics.xlsx saved
file ./output/ACS_summary_statistics.xlsx saved
file ./output/ACS_summary_statistics.xlsx saved
file ./output/ACS_summary_statistics.xlsx saved
file ./output/ACS_summary_statistics.xlsx saved
file ./output/ACS_summary_statistics.xlsx saved
file ./output/ACS_summary_statistics.xlsx saved
file ./output/ACS_summary_statistics.xlsx saved
file ./output/ACS_summary_statistics.xlsx saved
file ./output/ACS_summary_statistics.xlsx saved
file ./output/ACS_summary_statistics.xlsx saved
file ./output/ACS_summary_statistics.xlsx saved
file ./output/ACS_summary_statistics.xlsx saved
file ./output/ACS_summary_statistics.xlsx saved
file ./output/ACS_summary_statistics.xlsx saved
file ./output/ACS_summary_statistics.xlsx saved
file ./output/ACS_summary_statistics.xlsx saved
file ./output/ACS_summary_statistics.xlsx saved
file ./output/ACS_summary_statistics.xlsx saved
file ./output/ACS_summary_statistics.xlsx saved
file ./output/ACS_summary_statistics.xlsx saved
file ./output/ACS_summary_statistics.xlsx saved
file ./output/ACS_summary_statistics.xlsx saved
file ./output/ACS_summary_statistics.xlsx saved
file ./output/ACS_summary_statistics.xlsx saved
file ./output/ACS_summary_statistics.xlsx saved
file ./output/ACS_summary_statistics.xlsx saved
file ./output/ACS_summary_statistics.xlsx saved
file ./output/ACS_summary_statistics.xlsx saved
file ./output/ACS_summary_statistics.xlsx saved
file ./output/ACS_summary_statistics.xlsx saved
file ./output/ACS_summary_statistics.xlsx saved
file ./output/ACS_summary_statistics.xlsx saved
file ./output/ACS_summary_statistics.xlsx saved
file ./output/ACS_summary_statistics.xlsx saved
file ./output/ACS_summary_statistics.xlsx saved
file ./output/ACS_summary_statistics.xlsx saved
file ./output/ACS_summary_statistics.xlsx saved
file ./output/ACS_summary_statistics.xlsx saved
file ./output/ACS_summary_statistics.xlsx saved
file ./output/ACS_summary_statistics.xlsx saved
file ./output/ACS_summary_statistics.xlsx saved
file ./output/ACS_summary_statistics.xlsx saved
file ./output/ACS_summary_statistics.xlsx saved
file ./output/ACS_summary_statistics.xlsx saved
file ./output/ACS_summary_statistics.xlsx saved
file ./output/ACS_summary_statistics.xlsx saved
file ./output/ACS_summary_statistics.xlsx saved
file ./output/ACS_summary_statistics.xlsx saved
file ./output/ACS_summary_statistics.xlsx saved
file ./output/ACS_summary_statistics.xlsx saved
file ./output/ACS_summary_statistics.xlsx saved
file ./output/ACS_summary_statistics.xlsx saved
file ./output/ACS_summary_statistics.xlsx saved
file ./output/ACS_summary_statistics.xlsx saved
file ./output/ACS_summary_statistics.xlsx saved
file ./output/ACS_summary_statistics.xlsx saved
file ./output/ACS_summary_statistics.xlsx saved
file ./output/ACS_summary_statistics.xlsx saved
file ./output/ACS_summary_statistics.xlsx saved
file ./output/ACS_summary_statistics.xlsx saved
file ./output/ACS_summary_statistics.xlsx saved
file ./output/ACS_summary_statistics.xlsx saved
file ./output/ACS_summary_statistics.xlsx saved
file ./output/ACS_summary_statistics.xlsx saved
file ./output/ACS_summary_statistics.xlsx saved
file ./output/ACS_summary_statistics.xlsx saved
file ./output/ACS_summary_statistics.xlsx saved
file ./output/ACS_summary_statistics.xlsx saved
file ./output/ACS_summary_statistics.xlsx saved
file ./output/ACS_summary_statistics.xlsx saved
file ./output/ACS_summary_statistics.xlsx saved
file ./output/ACS_summary_statistics.xlsx saved
file ./output/ACS_summary_statistics.xlsx saved
file ./output/ACS_summary_statistics.xlsx saved
file ./output/ACS_summary_statistics.xlsx saved
file ./output/ACS_summary_statistics.xlsx saved
file ./output/ACS_summary_statistics.xlsx saved
file ./output/ACS_summary_statistics.xlsx saved
file ./output/ACS_summary_statistics.xlsx saved
file ./output/ACS_summary_statistics.xlsx saved
file ./output/ACS_summary_statistics.xlsx saved
file ./output/ACS_summary_statistics.xlsx saved
file ./output/ACS_summary_statistics.xlsx saved
file ./output/ACS_summary_statistics.xlsx saved
file ./output/ACS_summary_statistics.xlsx saved
file ./output/ACS_summary_statistics.xlsx saved
file ./output/ACS_summary_statistics.xlsx saved
file ./output/ACS_summary_statistics.xlsx saved
file ./output/ACS_summary_statistics.xlsx saved
file ./output/ACS_summary_statistics.xlsx saved
file ./output/ACS_summary_statistics.xlsx saved
file ./output/ACS_summary_statistics.xlsx saved
file ./output/ACS_summary_statistics.xlsx saved
file ./output/ACS_summary_statistics.xlsx saved
file ./output/ACS_summary_statistics.xlsx saved
file ./output/ACS_summary_statistics.xlsx saved
file ./output/ACS_summary_statistics.xlsx saved
file ./output/ACS_summary_statistics.xlsx saved
file ./output/ACS_summary_statistics.xlsx saved
file ./output/ACS_summary_statistics.xlsx saved
file ./output/ACS_summary_statistics.xlsx saved
file ./output/ACS_summary_statistics.xlsx saved
file ./output/ACS_summary_statistics.xlsx saved
file ./output/ACS_summary_statistics.xlsx saved
file ./output/ACS_summary_statistics.xlsx saved
file ./output/ACS_summary_statistics.xlsx saved
file ./output/ACS_summary_statistics.xlsx saved
file ./output/ACS_summary_statistics.xlsx saved
file ./output/ACS_summary_statistics.xlsx saved
file ./output/ACS_summary_statistics.xlsx saved
file ./output/ACS_summary_statistics.xlsx saved
file ./output/ACS_summary_statistics.xlsx saved
file ./output/ACS_summary_statistics.xlsx saved
file ./output/ACS_summary_statistics.xlsx saved
file ./output/ACS_summary_statistics.xlsx saved
file ./output/ACS_summary_statistics.xlsx saved
file ./output/ACS_summary_statistics.xlsx saved
file ./output/ACS_summary_statistics.xlsx saved
file ./output/ACS_summary_statistics.xlsx saved
file ./output/ACS_summary_statistics.xlsx saved
file ./output/ACS_summary_statistics.xlsx saved
file ./output/ACS_summary_statistics.xlsx saved
file ./output/ACS_summary_statistics.xlsx saved
file ./output/ACS_summary_statistics.xlsx saved
file ./output/ACS_summary_statistics.xlsx saved
file ./output/ACS_summary_statistics.xlsx saved
file ./output/ACS_summary_statistics.xlsx saved
file ./output/ACS_summary_statistics.xlsx saved
file ./output/ACS_summary_statistics.xlsx saved
file ./output/ACS_summary_statistics.xlsx saved
file ./output/ACS_summary_statistics.xlsx saved
file ./output/ACS_summary_statistics.xlsx saved
file ./output/ACS_summary_statistics.xlsx saved
file ./output/ACS_summary_statistics.xlsx saved
file ./output/ACS_summary_statistics.xlsx saved
file ./output/ACS_summary_statistics.xlsx saved
file ./output/ACS_summary_statistics.xlsx saved
file ./output/ACS_summary_statistics.xlsx saved
file ./output/ACS_summary_statistics.xlsx saved
file ./output/ACS_summary_statistics.xlsx saved
file ./output/ACS_summary_statistics.xlsx saved
file ./output/ACS_summary_statistics.xlsx saved
file ./output/ACS_summary_statistics.xlsx saved
file ./output/ACS_summary_statistics.xlsx saved
file ./output/ACS_summary_statistics.xlsx saved
file ./output/ACS_summary_statistics.xlsx saved
file ./output/ACS_summary_statistics.xlsx saved
file ./output/ACS_summary_statistics.xlsx saved
file ./output/ACS_summary_statistics.xlsx saved
file ./output/ACS_summary_statistics.xlsx saved
file ./output/ACS_summary_statistics.xlsx saved
file ./output/ACS_summary_statistics.xlsx saved
file ./output/ACS_summary_statistics.xlsx saved
file ./output/ACS_summary_statistics.xlsx saved
file ./output/ACS_summary_statistics.xlsx saved
file ./output/ACS_summary_statistics.xlsx saved
file ./output/ACS_summary_statistics.xlsx saved
file ./output/ACS_summary_statistics.xlsx saved
file ./output/ACS_summary_statistics.xlsx saved
file ./output/ACS_summary_statistics.xlsx saved
file ./output/ACS_summary_statistics.xlsx saved
file ./output/ACS_summary_statistics.xlsx saved
file ./output/ACS_summary_statistics.xlsx saved
file ./output/ACS_summary_statistics.xlsx saved
file ./output/ACS_summary_statistics.xlsx saved
file ./output/ACS_summary_statistics.xlsx saved
file ./output/ACS_summary_statistics.xlsx saved
file ./output/ACS_summary_statistics.xlsx saved
file ./output/ACS_summary_statistics.xlsx saved
file ./output/ACS_summary_statistics.xlsx saved
file ./output/ACS_summary_statistics.xlsx saved
file ./output/ACS_summary_statistics.xlsx saved
file ./output/ACS_summary_statistics.xlsx saved
file ./output/ACS_summary_statistics.xlsx saved
file ./output/ACS_summary_statistics.xlsx saved
file ./output/ACS_summary_statistics.xlsx saved
file ./output/ACS_summary_statistics.xlsx saved
file ./output/ACS_summary_statistics.xlsx saved
file ./output/ACS_summary_statistics.xlsx saved
file ./output/ACS_summary_statistics.xlsx saved
file ./output/ACS_summary_statistics.xlsx saved
file ./output/ACS_summary_statistics.xlsx saved
file ./output/ACS_summary_statistics.xlsx saved
file ./output/ACS_summary_statistics.xlsx saved
file ./output/ACS_summary_statistics.xlsx saved
file ./output/ACS_summary_statistics.xlsx saved
file ./output/ACS_summary_statistics.xlsx saved
file ./output/ACS_summary_statistics.xlsx saved
file ./output/ACS_summary_statistics.xlsx saved
file ./output/ACS_summary_statistics.xlsx saved
file ./output/ACS_summary_statistics.xlsx saved
file ./output/ACS_summary_statistics.xlsx saved
file ./output/ACS_summary_statistics.xlsx saved
file ./output/ACS_summary_statistics.xlsx saved
file ./output/ACS_summary_statistics.xlsx saved
file ./output/ACS_summary_statistics.xlsx saved
file ./output/ACS_summary_statistics.xlsx saved
file ./output/ACS_summary_statistics.xlsx saved
file ./output/ACS_summary_statistics.xlsx saved
file ./output/ACS_summary_statistics.xlsx saved
file ./output/ACS_summary_statistics.xlsx saved

. 
. log close
      name:  <unnamed>
       log:  /Users/schmidt/Desktop/Research/Analy
> sis/output/log_ACS_sum.log
  log type:  text
 closed on:  28 Apr 2025, 16:48:58
--------------------------------------------------
